time=2025-05-11T18:14:29.001+03:00 level=INFO msg="Client connected to server"
time=2025-05-11T18:14:41.511+03:00 level=INFO msg="Client connected to server"
time=2025-05-11T19:28:52.467+03:00 level=INFO msg="Client connected to server"
time=2025-05-11T19:32:04.345+03:00 level=INFO msg="Client connected to server"
time=2025-05-12T06:27:39.466+03:00 level=INFO msg="Client connected to server"
time=2025-05-12T06:31:52.810+03:00 level=INFO msg="Client connected to server"
time=2025-05-12T06:39:11.331+03:00 level=INFO msg="Client connected to server"
time=2025-05-12T06:39:39.447+03:00 level=INFO msg="Client connected to server"
time=2025-05-12T06:40:45.765+03:00 level=INFO msg="Client connected to server"
time=2025-05-12T06:41:36.329+03:00 level=INFO msg="Client connected to server"
time=2025-05-12T06:47:58.953+03:00 level=INFO msg="Client connected to server"
time=2025-05-12T06:48:13.745+03:00 level=INFO msg="Client connected to server"
time=2025-05-12T06:55:13.993+03:00 level=INFO msg="Client connected to server"
time=2025-05-12T06:55:45.966+03:00 level=INFO msg="Client connected to server"
time=2025-05-12T06:56:16.244+03:00 level=INFO msg="Client connected to server"
time=2025-05-12T06:57:54.359+03:00 level=INFO msg="Client connected to server"
time=2025-05-12T06:58:34.168+03:00 level=INFO msg="Client connected to server"
time=2025-05-12T06:58:36.021+03:00 level=INFO msg="Server response: Good bye\n"
time=2025-05-12T06:59:04.186+03:00 level=INFO msg="Client connected to server"
time=2025-05-12T06:59:05.880+03:00 level=INFO msg="Server response: Good bye\n"
time=2025-05-12T07:01:25.633+03:00 level=INFO msg="Client connected to server"
time=2025-05-12T07:01:26.951+03:00 level=INFO msg="Server response: Good bye\n"
time=2025-05-12T07:02:28.719+03:00 level=INFO msg="Client connected to server"
time=2025-05-12T07:02:30.468+03:00 level=INFO msg="Server response: Good bye\n"
time=2025-05-12T07:03:26.810+03:00 level=INFO msg="Client connected to server"
time=2025-05-12T07:03:28.423+03:00 level=INFO msg="Server response: Good bye\n"
time=2025-05-12T07:05:15.585+03:00 level=INFO msg="Client connected to server"
time=2025-05-12T07:07:43.326+03:00 level=INFO msg="Client connected to server"
time=2025-05-12T07:07:45.031+03:00 level=INFO msg="Server response: invalid command\n"
time=2025-05-12T07:09:46.370+03:00 level=INFO msg="Client connected to server"
time=2025-05-12T07:09:48.365+03:00 level=ERROR msg="error reading response: EOF"
time=2025-05-12T07:11:07.555+03:00 level=INFO msg="Client connected to server"
time=2025-05-12T07:11:09.087+03:00 level=INFO msg="Server closed the connection (EOF)"
time=2025-05-12T07:12:14.543+03:00 level=INFO msg="Client connected to server"
time=2025-05-12T07:18:05.610+03:00 level=INFO msg="Server closed the connection (EOF)"
time=2025-05-12T07:30:59.321+03:00 level=INFO msg="Client connected to server"
time=2025-05-12T07:31:05.362+03:00 level=INFO msg="Server closed the connection (EOF)"
time=2025-05-12T07:32:36.889+03:00 level=INFO msg="Client connected to server"
time=2025-05-12T07:32:39.221+03:00 level=INFO msg="Server closed the connection (EOF)"
time=2025-05-12T07:32:46.518+03:00 level=INFO msg="Client connected to server"
time=2025-05-12T07:32:51.408+03:00 level=INFO msg="Server response: invalid command\n"
time=2025-05-12T07:32:54.994+03:00 level=INFO msg="Server response: invalid command\n"
time=2025-05-12T07:39:51.244+03:00 level=INFO msg="Client connected to server"
time=2025-05-12T07:39:53.397+03:00 level=INFO msg="Server closed the connection (EOF)"
time=2025-05-12T07:40:03.841+03:00 level=INFO msg="Client connected to server"
time=2025-05-12T07:40:11.472+03:00 level=INFO msg="Server response: response: {}\n"
time=2025-05-12T07:40:19.781+03:00 level=INFO msg="Server response: response: {\"value\":\"some_value\",\"ok\":true}\n"
time=2025-05-12T07:40:25.838+03:00 level=INFO msg="Server response: invalid command\n"
time=2025-05-12T07:40:38.770+03:00 level=INFO msg="Server response: invalid command\n"
time=2025-05-12T07:40:40.798+03:00 level=INFO msg="Server closed the connection (EOF)"
time=2025-05-12T07:40:53.577+03:00 level=INFO msg="Client connected to server"
time=2025-05-12T07:40:56.190+03:00 level=INFO msg="Server response: invalid command\n"
time=2025-05-12T07:46:51.835+03:00 level=INFO msg="Client connected to server"
time=2025-05-12T07:46:55.329+03:00 level=INFO msg="Server response: invalid command\n"
time=2025-05-12T07:49:18.622+03:00 level=INFO msg="Client connected to server"
time=2025-05-12T07:49:20.958+03:00 level=INFO msg="Server response: invalid command\n"
time=2025-05-12T07:59:00.546+03:00 level=INFO msg="Client connected to server"
time=2025-05-12T07:59:03.377+03:00 level=INFO msg="Server response: response: {\"items\":[]}\n"
time=2025-05-12T07:59:14.244+03:00 level=INFO msg="Server response: invalid command\n"
time=2025-05-12T08:00:27.432+03:00 level=INFO msg="Client connected to server"
time=2025-05-12T08:00:33.625+03:00 level=INFO msg="Server response: invalid command\n"
time=2025-05-12T08:00:33.978+03:00 level=INFO msg="Server response: response: {\"msg\":\"invalid command\\n\\nUsage commands:\\n\\tput {\\\"key\\\":\\\"some_key\\\",\\\"value\\\":\\\"some_value\\\"}\\n\\tget {\\\"key\\\":\\\"some_key\\\"}\\n\\tdelete {\\\"key\\\":\\\"some_key\\\"}\\n\\tlist\\n\\texit\\n\"}\n"
time=2025-05-12T08:00:50.952+03:00 level=INFO msg="Server response: invalid command\n"
time=2025-05-12T08:01:26.194+03:00 level=INFO msg="Server response: response: {}\n"
time=2025-05-12T08:01:29.550+03:00 level=INFO msg="Server response: response: {\"items\":[{\"key\":\"some_key\",\"value\":\"some_value\"}]}\n"
time=2025-05-12T08:01:51.218+03:00 level=INFO msg="Server response: response: {}\n"
time=2025-05-12T08:01:55.856+03:00 level=INFO msg="Server response: response: {\"items\":[{\"key\":\"some_key\",\"value\":\"some_value\"},{\"key\":\"2\",\"value\":\"2\"}]}\n"
time=2025-05-12T08:01:59.436+03:00 level=INFO msg="Server closed the connection (EOF)"
time=2025-05-12T08:03:31.680+03:00 level=INFO msg="Client connected to server"
time=2025-05-12T08:03:35.566+03:00 level=INFO msg="Client connected to server"
time=2025-05-12T08:03:42.980+03:00 level=INFO msg="Server response: response: {}\n"
time=2025-05-12T08:03:46.077+03:00 level=INFO msg="Server response: response: {}\n"
time=2025-05-12T08:03:49.097+03:00 level=INFO msg="Server response: response: {\"items\":[{\"key\":\"some_key\",\"value\":\"some_value\"}]}\n"
time=2025-05-12T08:03:52.953+03:00 level=INFO msg="Server response: response: {\"items\":[{\"key\":\"some_key\",\"value\":\"some_value\"}]}\n"
time=2025-05-12T08:03:54.478+03:00 level=INFO msg="Server closed the connection (EOF)"
time=2025-05-12T08:03:58.256+03:00 level=INFO msg="Server closed the connection (EOF)"
time=2025-05-12T08:05:45.140+03:00 level=INFO msg="Client connected to server"
time=2025-05-12T08:05:52.266+03:00 level=INFO msg="Server closed the connection (EOF)"
time=2025-05-12T08:05:55.344+03:00 level=INFO msg="Client connected to server"
time=2025-05-12T08:05:57.196+03:00 level=INFO msg="Client connected to server"
time=2025-05-12T08:05:59.221+03:00 level=INFO msg="Server closed the connection (EOF)"
time=2025-05-12T08:06:04.144+03:00 level=INFO msg="Server closed the connection (EOF)"
