time=2025-05-11T18:08:04.222+03:00 level=INFO msg="listening on port 8080"
time=2025-05-11T18:08:44.744+03:00 level=INFO msg="listening on port 8080"
time=2025-05-11T18:14:29.007+03:00 level=INFO msg="connection accepted[::1]:54950"
time=2025-05-11T18:14:41.512+03:00 level=INFO msg="connection accepted[::1]:54954"
time=2025-05-11T19:28:47.846+03:00 level=INFO msg="listening on port 8080"
time=2025-05-11T19:28:52.467+03:00 level=INFO msg="connection accepted[::1]:59488"
time=2025-05-11T19:31:54.964+03:00 level=INFO msg="listening on port 8080"
time=2025-05-11T19:32:04.345+03:00 level=INFO msg="connection accepted[::1]:59581"
time=2025-05-11T19:32:04.345+03:00 level=INFO msg="Service created"
time=2025-05-11T19:35:42.228+03:00 level=INFO msg="connection accepted[::1]:59648"
time=2025-05-11T19:35:42.228+03:00 level=INFO msg="Service created"
time=2025-05-11T19:35:50.337+03:00 level=INFO msg="connection accepted[::1]:59656"
time=2025-05-11T19:35:50.337+03:00 level=INFO msg="Service created"
time=2025-05-11T19:36:11.496+03:00 level=INFO msg="connection accepted[::1]:59671"
time=2025-05-11T19:36:11.496+03:00 level=INFO msg="Service created"
time=2025-05-11T19:36:28.816+03:00 level=INFO msg="connection accepted[::1]:59681"
time=2025-05-11T19:36:28.817+03:00 level=INFO msg="Service created"
time=2025-05-11T19:37:42.960+03:00 level=INFO msg="connection accepted[::1]:59703"
time=2025-05-11T19:37:42.961+03:00 level=INFO msg="Service created"
time=2025-05-12T06:27:34.098+03:00 level=INFO msg="listening on port 8080"
time=2025-05-12T06:27:39.467+03:00 level=INFO msg="Service created"
time=2025-05-12T06:27:39.467+03:00 level=INFO msg="connection accepted[::1]:58141"
time=2025-05-12T06:31:48.885+03:00 level=INFO msg="listening on port 8080"
time=2025-05-12T06:31:52.810+03:00 level=INFO msg="connection accepted[::1]:58194"
time=2025-05-12T06:31:52.810+03:00 level=INFO msg="Service created"
time=2025-05-12T06:31:59.021+03:00 level=INFO msg="Record created"
time=2025-05-12T06:39:11.335+03:00 level=INFO msg="connection accepted[::1]:59036"
time=2025-05-12T06:39:11.337+03:00 level=INFO msg="Service created"
time=2025-05-12T06:39:26.565+03:00 level=INFO msg="Record created"
time=2025-05-12T06:39:39.448+03:00 level=INFO msg="connection accepted[::1]:59047"
time=2025-05-12T06:39:39.448+03:00 level=INFO msg="Service created"
time=2025-05-12T06:40:45.765+03:00 level=INFO msg="connection accepted[::1]:59058"
time=2025-05-12T06:40:45.766+03:00 level=INFO msg="Service created"
time=2025-05-12T06:40:50.942+03:00 level=INFO msg="Record created"
time=2025-05-12T06:41:24.677+03:00 level=INFO msg="Record deleted"
time=2025-05-12T06:41:36.331+03:00 level=INFO msg="connection accepted[::1]:59069"
time=2025-05-12T06:41:36.331+03:00 level=INFO msg="Service created"
time=2025-05-12T06:41:43.013+03:00 level=INFO msg="Record created"
time=2025-05-12T06:47:48.777+03:00 level=INFO msg="listening on port 8080"
time=2025-05-12T06:47:58.954+03:00 level=INFO msg="connection accepted[::1]:59186"
time=2025-05-12T06:47:58.954+03:00 level=INFO msg="Service created"
time=2025-05-12T06:48:06.868+03:00 level=INFO msg="Record created"
time=2025-05-12T06:48:13.745+03:00 level=INFO msg="connection accepted[::1]:59915"
time=2025-05-12T06:48:13.746+03:00 level=INFO msg="Service created"
time=2025-05-12T06:49:02.590+03:00 level=INFO msg="Record deleted"
time=2025-05-12T06:55:06.253+03:00 level=INFO msg="listening on port 8080"
time=2025-05-12T06:55:13.994+03:00 level=INFO msg="connection accepted[::1]:60029"
time=2025-05-12T06:55:13.994+03:00 level=INFO msg="Service created"
time=2025-05-12T06:55:44.400+03:00 level=INFO msg="listening on port 8080"
time=2025-05-12T06:55:45.966+03:00 level=INFO msg="connection accepted[::1]:60042"
time=2025-05-12T06:55:45.966+03:00 level=INFO msg="Service created"
time=2025-05-12T06:56:12.898+03:00 level=INFO msg="listening on port 8080"
time=2025-05-12T06:56:16.244+03:00 level=INFO msg="connection accepted[::1]:60058"
time=2025-05-12T06:56:16.244+03:00 level=INFO msg="Service created"
time=2025-05-12T06:57:54.360+03:00 level=INFO msg="connection accepted[::1]:60079"
time=2025-05-12T06:57:54.360+03:00 level=INFO msg="Service created"
time=2025-05-12T06:58:34.169+03:00 level=INFO msg="connection accepted[::1]:60091"
time=2025-05-12T06:58:34.169+03:00 level=INFO msg="Service created"
time=2025-05-12T06:59:04.186+03:00 level=INFO msg="connection accepted[::1]:60097"
time=2025-05-12T06:59:04.186+03:00 level=INFO msg="Service created"
time=2025-05-12T07:01:25.638+03:00 level=INFO msg="connection accepted[::1]:60160"
time=2025-05-12T07:01:25.639+03:00 level=INFO msg="Service created"
time=2025-05-12T07:02:28.720+03:00 level=INFO msg="connection accepted[::1]:60182"
time=2025-05-12T07:02:28.720+03:00 level=INFO msg="Service created"
time=2025-05-12T07:03:26.811+03:00 level=INFO msg="connection accepted[::1]:60918"
time=2025-05-12T07:03:26.811+03:00 level=INFO msg="Service created"
time=2025-05-12T07:05:11.975+03:00 level=INFO msg="listening on port 8080"
time=2025-05-12T07:05:15.585+03:00 level=INFO msg="connection accepted[::1]:60977"
time=2025-05-12T07:05:15.585+03:00 level=INFO msg="Service created"
time=2025-05-12T07:07:43.326+03:00 level=INFO msg="connection accepted[::1]:61026"
time=2025-05-12T07:07:43.327+03:00 level=INFO msg="Service created"
time=2025-05-12T07:09:46.370+03:00 level=INFO msg="connection accepted[::1]:61059"
time=2025-05-12T07:09:46.370+03:00 level=INFO msg="Service created"
time=2025-05-12T07:11:07.555+03:00 level=INFO msg="connection accepted[::1]:61091"
time=2025-05-12T07:11:07.556+03:00 level=INFO msg="Service created"
time=2025-05-12T07:12:12.868+03:00 level=INFO msg="listening on port 8080"
time=2025-05-12T07:12:14.544+03:00 level=INFO msg="connection accepted[::1]:61118"
time=2025-05-12T07:12:14.544+03:00 level=INFO msg="Service created"
time=2025-05-12T07:18:08.288+03:00 level=INFO msg="Server started on %s" !BADKEY=127.0.0.1:61570
time=2025-05-12T07:20:53.695+03:00 level=INFO msg="Server started on %s" !BADKEY=127.0.0.1:61973
time=2025-05-12T07:29:01.877+03:00 level=INFO msg="Server started on %s" !BADKEY=127.0.0.1:62129
time=2025-05-12T07:29:08.099+03:00 level=INFO msg="Shutdown signal received"
time=2025-05-12T07:29:08.100+03:00 level=INFO msg="Server gracefully stopped"
time=2025-05-12T07:30:12.173+03:00 level=INFO msg="Server started on %s" !BADKEY=127.0.0.1:62151
time=2025-05-12T07:30:55.022+03:00 level=INFO msg="Shutdown signal received"
time=2025-05-12T07:30:55.023+03:00 level=INFO msg="Server gracefully stopped"
time=2025-05-12T07:30:56.816+03:00 level=INFO msg="Server started on %s" !BADKEY=127.0.0.1:8080
time=2025-05-12T07:30:59.322+03:00 level=INFO msg="connection accepted127.0.0.1:62193"
time=2025-05-12T07:30:59.322+03:00 level=INFO msg="Service created"
time=2025-05-12T07:32:34.830+03:00 level=INFO msg="Server started on %s" !BADKEY=127.0.0.1:8080
time=2025-05-12T07:32:36.889+03:00 level=INFO msg="connection accepted127.0.0.1:62222"
time=2025-05-12T07:32:36.889+03:00 level=INFO msg="Service created"
time=2025-05-12T07:32:46.518+03:00 level=INFO msg="connection accepted127.0.0.1:62226"
time=2025-05-12T07:32:46.518+03:00 level=INFO msg="Service created"
time=2025-05-12T07:39:41.914+03:00 level=INFO msg="Shutdown signal received"
time=2025-05-12T07:39:48.494+03:00 level=INFO msg="Server started on %s" !BADKEY=127.0.0.1:8080
time=2025-05-12T07:39:51.245+03:00 level=INFO msg="connection accepted127.0.0.1:63059"
time=2025-05-12T07:39:51.245+03:00 level=INFO msg="Service created"
time=2025-05-12T07:40:03.841+03:00 level=INFO msg="connection accepted127.0.0.1:63064"
time=2025-05-12T07:40:03.842+03:00 level=INFO msg="Service created"
time=2025-05-12T07:40:11.472+03:00 level=INFO msg="Record created"
time=2025-05-12T07:40:53.578+03:00 level=INFO msg="connection accepted127.0.0.1:63078"
time=2025-05-12T07:40:53.578+03:00 level=INFO msg="Service created"
time=2025-05-12T07:46:37.117+03:00 level=INFO msg="Shutdown signal received"
time=2025-05-12T07:46:39.234+03:00 level=INFO msg="Server started on %s" !BADKEY=127.0.0.1:8080
time=2025-05-12T07:46:51.836+03:00 level=INFO msg="connection accepted127.0.0.1:63170"
time=2025-05-12T07:46:51.836+03:00 level=INFO msg="Service created"
time=2025-05-12T07:49:12.598+03:00 level=INFO msg="Shutdown signal received"
time=2025-05-12T07:49:14.467+03:00 level=INFO msg="Server started on %s" !BADKEY=127.0.0.1:8080
time=2025-05-12T07:49:18.622+03:00 level=INFO msg="connection accepted127.0.0.1:63947"
time=2025-05-12T07:49:18.622+03:00 level=INFO msg="Service created"
time=2025-05-12T07:58:55.061+03:00 level=INFO msg="Shutdown signal received"
time=2025-05-12T07:58:57.455+03:00 level=INFO msg="Server started on %s" !BADKEY=127.0.0.1:8080
time=2025-05-12T07:59:00.546+03:00 level=INFO msg="connection accepted127.0.0.1:64068"
time=2025-05-12T07:59:00.546+03:00 level=INFO msg="Service created"
time=2025-05-12T07:59:03.376+03:00 level=INFO msg="Records listed"
time=2025-05-12T08:00:27.432+03:00 level=INFO msg="connection accepted127.0.0.1:64096"
time=2025-05-12T08:00:27.432+03:00 level=INFO msg="Service created"
time=2025-05-12T08:01:26.193+03:00 level=INFO msg="Record created"
time=2025-05-12T08:01:29.550+03:00 level=INFO msg="Records listed"
time=2025-05-12T08:01:51.217+03:00 level=INFO msg="Record created"
time=2025-05-12T08:01:55.855+03:00 level=INFO msg="Records listed"
time=2025-05-12T08:02:10.904+03:00 level=INFO msg="Shutdown signal received"
time=2025-05-12T08:03:26.027+03:00 level=INFO msg="Server started on %s" !BADKEY=127.0.0.1:8080
time=2025-05-12T08:03:27.529+03:00 level=INFO msg="Shutdown signal received"
time=2025-05-12T08:03:27.529+03:00 level=INFO msg="Server gracefully stopped"
time=2025-05-12T08:03:29.637+03:00 level=INFO msg="Server started on %s" !BADKEY=127.0.0.1:8080
time=2025-05-12T08:03:31.680+03:00 level=INFO msg="connection accepted127.0.0.1:64870"
time=2025-05-12T08:03:31.680+03:00 level=INFO msg="Service created"
time=2025-05-12T08:03:35.566+03:00 level=INFO msg="connection accepted127.0.0.1:64874"
time=2025-05-12T08:03:35.566+03:00 level=INFO msg="Service created"
time=2025-05-12T08:03:42.980+03:00 level=INFO msg="Record created"
time=2025-05-12T08:03:46.077+03:00 level=INFO msg="Record created"
time=2025-05-12T08:03:49.097+03:00 level=INFO msg="Records listed"
time=2025-05-12T08:03:52.953+03:00 level=INFO msg="Records listed"
time=2025-05-12T08:05:45.140+03:00 level=INFO msg="connection accepted127.0.0.1:64908"
time=2025-05-12T08:05:45.140+03:00 level=INFO msg="Service created"
time=2025-05-12T08:05:48.469+03:00 level=INFO msg="Shutdown signal received"
time=2025-05-12T08:05:48.469+03:00 level=INFO msg="Server gracefully stopped"
time=2025-05-12T08:05:49.837+03:00 level=INFO msg="Server started on %s" !BADKEY=127.0.0.1:8080
time=2025-05-12T08:05:55.345+03:00 level=INFO msg="connection accepted127.0.0.1:64913"
time=2025-05-12T08:05:55.345+03:00 level=INFO msg="Service created"
time=2025-05-12T08:05:57.196+03:00 level=INFO msg="connection accepted127.0.0.1:64917"
time=2025-05-12T08:05:57.196+03:00 level=INFO msg="Service created"
time=2025-05-12T08:06:02.455+03:00 level=INFO msg="Records listed"
